<?xml version="1.0" encoding="UTF-8"?>
<testng-results ignored="0" total="3" passed="3" failed="0" skipped="0">
  <reporter-output>
  </reporter-output>
  <suite started-at="2022-09-12T20:18:49 IST" name="Suite" finished-at="2022-09-12T20:19:39 IST" duration-ms="50136">
    <groups>
    </groups>
    <test started-at="2022-09-12T20:18:49 IST" name="Test" finished-at="2022-09-12T20:19:39 IST" duration-ms="50136">
      <class name="scripts.Testcase3">
        <test-method is-config="true" signature="openApp()[pri:0, instance:scripts.Testcase3@636be97c]" started-at="2022-09-12T20:18:49 IST" name="openApp" finished-at="2022-09-12T20:18:57 IST" duration-ms="8606" status="PASS">
          <reporter-output>
          </reporter-output>
        </test-method> <!-- openApp -->
        <test-method signature="tc3()[pri:0, instance:scripts.Testcase3@636be97c]" started-at="2022-09-12T20:18:57 IST" name="tc3" finished-at="2022-09-12T20:19:21 IST" duration-ms="23110" status="PASS">
          <reporter-output>
          </reporter-output>
        </test-method> <!-- tc3 -->
        <test-method is-config="true" signature="CloseApp(org.testng.ITestResult)[pri:0, instance:scripts.Testcase3@636be97c]" started-at="2022-09-12T20:19:21 IST" name="CloseApp" finished-at="2022-09-12T20:19:21 IST" duration-ms="311" status="PASS">
          <params>
            <param index="0">
              <value>
                <![CDATA[[TestResult name=tc3 status=SUCCESS method=Testcase3.tc3()[pri:0, instance:scripts.Testcase3@636be97c] output={null}]]]>
              </value>
            </param>
          </params>
          <reporter-output>
          </reporter-output>
        </test-method> <!-- CloseApp -->
      </class> <!-- scripts.Testcase3 -->
      <class name="scripts.Testcase2">
        <test-method is-config="true" signature="openApp()[pri:0, instance:scripts.Testcase2@1dde4cb2]" started-at="2022-09-12T20:19:21 IST" name="openApp" finished-at="2022-09-12T20:19:26 IST" duration-ms="4820" status="PASS">
          <reporter-output>
          </reporter-output>
        </test-method> <!-- openApp -->
        <test-method signature="tc2()[pri:0, instance:scripts.Testcase2@1dde4cb2]" started-at="2022-09-12T20:19:26 IST" name="tc2" finished-at="2022-09-12T20:19:32 IST" duration-ms="6121" status="PASS">
          <reporter-output>
          </reporter-output>
        </test-method> <!-- tc2 -->
        <test-method is-config="true" signature="CloseApp(org.testng.ITestResult)[pri:0, instance:scripts.Testcase2@1dde4cb2]" started-at="2022-09-12T20:19:32 IST" name="CloseApp" finished-at="2022-09-12T20:19:32 IST" duration-ms="358" status="PASS">
          <params>
            <param index="0">
              <value>
                <![CDATA[[TestResult name=tc2 status=SUCCESS method=Testcase2.tc2()[pri:0, instance:scripts.Testcase2@1dde4cb2] output={null}]]]>
              </value>
            </param>
          </params>
          <reporter-output>
          </reporter-output>
        </test-method> <!-- CloseApp -->
      </class> <!-- scripts.Testcase2 -->
      <class name="scripts.Testcase1">
        <test-method is-config="true" signature="openApp()[pri:0, instance:scripts.Testcase1@7714e963]" started-at="2022-09-12T20:19:32 IST" name="openApp" finished-at="2022-09-12T20:19:35 IST" duration-ms="3201" status="PASS">
          <reporter-output>
          </reporter-output>
        </test-method> <!-- openApp -->
        <test-method signature="tc1()[pri:0, instance:scripts.Testcase1@7714e963]" started-at="2022-09-12T20:19:35 IST" name="tc1" finished-at="2022-09-12T20:19:39 IST" duration-ms="3273" status="PASS">
          <reporter-output>
          </reporter-output>
        </test-method> <!-- tc1 -->
        <test-method is-config="true" signature="CloseApp(org.testng.ITestResult)[pri:0, instance:scripts.Testcase1@7714e963]" started-at="2022-09-12T20:19:39 IST" name="CloseApp" finished-at="2022-09-12T20:19:39 IST" duration-ms="271" status="PASS">
          <params>
            <param index="0">
              <value>
                <![CDATA[[TestResult name=tc1 status=SUCCESS method=Testcase1.tc1()[pri:0, instance:scripts.Testcase1@7714e963] output={null}]]]>
              </value>
            </param>
          </params>
          <reporter-output>
          </reporter-output>
        </test-method> <!-- CloseApp -->
      </class> <!-- scripts.Testcase1 -->
    </test> <!-- Test -->
  </suite> <!-- Suite -->
</testng-results>
